{
  "RSpec": {
    "coverage": {
      "/home/taylortreece/tic-tac-toe-rb-online-web-sp-000/lib/tic_tac_toe.rb": [
        null,
        1,
        null,
        null,
        null,
        null,
        null,
        null,
        null,
        null,
        null,
        1,
        28,
        28,
        28,
        28,
        28,
        null,
        null,
        1,
        24,
        null,
        null,
        1,
        117,
        null,
        null,
        1,
        24,
        null,
        null,
        null,
        1,
        23,
        23,
        null,
        null,
        1,
        22,
        22,
        198,
        32,
        null,
        null,
        22,
        null,
        null,
        1,
        21,
        21,
        9,
        12,
        7,
        5,
        5,
        null,
        null,
        null,
        1,
        21,
        21,
        21,
        21,
        20,
        null,
        1,
        null,
        null,
        null,
        1,
        51,
        312,
        312,
        312,
        null,
        312,
        null,
        null,
        null,
        null,
        1,
        262,
        null,
        null,
        1,
        35,
        7,
        7,
        null,
        null,
        null,
        1,
        22,
        10,
        null,
        null,
        null,
        1,
        14,
        6,
        6,
        null,
        null,
        null,
        null,
        null,
        1,
        12,
        null,
        12,
        12,
        null
      ]
    },
    "timestamp": 1608659092
  }
}
