{
  "RSpec": {
    "coverage": {
      "/home/taylortreece/tic-tac-toe-rb-online-web-sp-000/lib/tic_tac_toe.rb": [
        null,
        1,
        null,
        null,
        null,
        null,
        null,
        null,
        null,
        null,
        null,
        1,
        18,
        18,
        18,
        18,
        18,
        null,
        null,
        1,
        18,
        null,
        null,
        1,
        97,
        null,
        null,
        1,
        18,
        null,
        null,
        null,
        1,
        18,
        18,
        null,
        null,
        1,
        18,
        18,
        162,
        27,
        null,
        null,
        18,
        null,
        null,
        1,
        18,
        18,
        7,
        11,
        7,
        4,
        4,
        null,
        null,
        null,
        1,
        18,
        18,
        18,
        18,
        18,
        null,
        0,
        null,
        null,
        null,
        1,
        36,
        212,
        212,
        212,
        null,
        212,
        null,
        null,
        null,
        null,
        1,
        190,
        null,
        null,
        1,
        27,
        4,
        4,
        null,
        null,
        null,
        1,
        19,
        8,
        null,
        null,
        null,
        1,
        11,
        4,
        4,
        null,
        null,
        null,
        null,
        null,
        1,
        12,
        null,
        12,
        12,
        null
      ]
    },
    "timestamp": 1608062020
  }
}
